[debug] > Exec(early(addDefaultCommands), None, None)
[debug] > Exec(addDefaultCommands, None, None)
[debug] > Exec(early(initialize), None, None)
[debug] > Exec(initialize, None, None)
[debug] > Exec(early(addPluginSbtFile="""C:\Users\nal20\AppData\Local\Temp\idea1.sbt"""), None, None)
[debug] > Exec(addPluginSbtFile="""C:\Users\nal20\AppData\Local\Temp\idea1.sbt""", None, None)
[debug] > Exec(boot, None, None)
[debug] > Exec(writeSbtVersion, None, None)
[debug] > Exec(reload, None, None)
[debug] > Exec(sbtStashOnFailure, None, None)
[debug] > Exec(onFailure loadFailed, None, None)
[debug] > Exec(loadp, None, None)
[info] welcome to sbt 1.4.9 (Oracle Corporation Java 13.0.2)
[debug]       Load.loadUnit: plugins took 87.6468ms
[debug]       Load.loadUnit: defsScala took 0.2584ms
[debug] [Loading] Scanning directory C:\Users\nal20\.sbt\1.0\plugins
[debug] [Loading] Found non-root projects 
[debug] [Loading] Done in C:\Users\nal20\.sbt\1.0\plugins, returning: ()
[debug] deducing auto plugins based on known facts Set(Atom(sbt.plugins.CorePlugin)) and clauses Clauses(List(Clause(Atom(sbt.plugins.JvmPlugin),Set(Atom(sbt.plugins.IvyPlugin))), Clause(Atom(sbt.ScriptedPlugin),Set(Atom(sbt.plugins.JvmPlugin))), Clause(Atom(sbt.plugins.SbtPlugin),Set(Atom(sbt.ScriptedPlugin))), Clause(Atom(sbt.plugins.SemanticdbPlugin),Set(Atom(sbt.plugins.JvmPlugin))), Clause(Atom(sbt.plugins.JUnitXmlReportPlugin),Set(Atom(sbt.plugins.JvmPlugin))), Clause(Atom(sbt.plugins.MiniDependencyTreePlugin),Set(Atom(sbt.plugins.JvmPlugin))), Clause(Atom(sbt.plugins.CorePlugin),Set(Atom(sbt.plugins.IvyPlugin))), Clause(Atom(sbt.plugins.IvyPlugin),Set(Atom(sbt.plugins.JvmPlugin))), Clause(Atom(sbt.plugins.JvmPlugin),Set(Atom(sbt.plugins.SemanticdbPlugin))), Clause(Atom(sbt.plugins.JvmPlugin),Set(Atom(sbt.plugins.JUnitXmlReportPlugin))), Clause(Atom(sbt.plugins.CorePlugin),Set(Atom(sbt.plugins.Giter8TemplatePlugin))), Clause(Atom(sbt.plugins.JvmPlugin),Set(Atom(sbt.plugins.MiniDependencyTreePlugin)))))
[debug]   :: deduced result: Matched(sbt.plugins.CorePlugin,sbt.plugins.Giter8TemplatePlugin,sbt.plugins.IvyPlugin,sbt.plugins.JvmPlugin,sbt.plugins.MiniDependencyTreePlugin,sbt.plugins.JUnitXmlReportPlugin,sbt.plugins.SemanticdbPlugin)
[debug] Plugins.deducer#function took 26.8323 ms
[debug]           Load.resolveProject(global-plugins) took 42.0834ms
[debug]         Load.loadTransitive: finalizeProject(Project(id global-plugins, base: C:\Users\nal20\.sbt\1.0\plugins, plugins: List(<none>))) took 96.1792ms
[debug] [Loading] Done in C:\Users\nal20\.sbt\1.0\plugins, returning: (global-plugins)
[debug]       Load.loadUnit: loadedProjectsRaw took 120.0843ms
[debug]       Load.loadUnit: cleanEvalClasses took 0.1724ms
[debug]     Load.loadUnit(file:/C:/Users/nal20/.sbt/1.0/plugins/, ...) took 217.7374ms
[debug]   Load.apply: load took 379.8006ms
[debug]   Load.apply: resolveProjects took 5.8484ms
[debug]   Load.apply: finalTransforms took 57.8045ms
[debug]   Load.apply: config.delegates took 10.622ms
[debug]   Load.apply: Def.make(settings)... took 975.6987ms
[debug]   Load.apply: structureIndex took 96.9619ms
[debug]   Load.apply: mkStreams took 1.6202ms
[info] loading global plugins from C:\Users\nal20\.sbt\1.0\plugins
[debug] Running task... Cancel: Signal, check cycles: false, forcegc: true
[debug] Load.defaultLoad until apply took 3410.273ms
[debug]           Load.loadUnit: plugins took 31.5455ms
[debug]           Load.loadUnit: defsScala took 0.0033ms
[debug] [Loading] Scanning directory C:\Users\nal20\TwitchProject\project
[debug]             Load.loadUnit: mkEval took 4.6489ms
[debug] [Loading] Found non-root projects 
[debug] [Loading] Done in C:\Users\nal20\TwitchProject\project, returning: ()
[debug] deducing auto plugins based on known facts Set(Atom(sbt.plugins.CorePlugin)) and clauses Clauses(List(Clause(Atom(sbt.plugins.JvmPlugin),Set(Atom(sbt.plugins.IvyPlugin))), Clause(Atom(sbt.ScriptedPlugin),Set(Atom(sbt.plugins.JvmPlugin))), Clause(Atom(sbt.plugins.SbtPlugin),Set(Atom(sbt.ScriptedPlugin))), Clause(Atom(sbt.plugins.SemanticdbPlugin),Set(Atom(sbt.plugins.JvmPlugin))), Clause(Atom(sbt.plugins.JUnitXmlReportPlugin),Set(Atom(sbt.plugins.JvmPlugin))), Clause(Atom(sbt.plugins.MiniDependencyTreePlugin),Set(Atom(sbt.plugins.JvmPlugin))), Clause(Atom(sbt.plugins.CorePlugin),Set(Atom(sbt.plugins.IvyPlugin))), Clause(Atom(sbt.plugins.IvyPlugin),Set(Atom(sbt.plugins.JvmPlugin))), Clause(Atom(sbt.plugins.JvmPlugin),Set(Atom(sbt.plugins.SemanticdbPlugin))), Clause(Atom(sbt.plugins.JvmPlugin),Set(Atom(sbt.plugins.JUnitXmlReportPlugin))), Clause(Atom(sbt.plugins.CorePlugin),Set(Atom(sbt.plugins.Giter8TemplatePlugin))), Clause(Atom(sbt.plugins.JvmPlugin),Set(Atom(sbt.plugins.MiniDependencyTreePlugin)))))
[debug]   :: deduced result: Matched(sbt.plugins.CorePlugin,sbt.plugins.Giter8TemplatePlugin,sbt.plugins.IvyPlugin,sbt.plugins.JvmPlugin,sbt.plugins.MiniDependencyTreePlugin,sbt.plugins.JUnitXmlReportPlugin,sbt.plugins.SemanticdbPlugin)
[debug] Plugins.deducer#function took 1.8015 ms
[info] loading settings for project twitchproject-build from idea1.sbt ...
[debug]               Load.resolveProject(twitchproject-build) took 6.8772ms
[debug]             Load.loadTransitive: finalizeProject(Project(id twitchproject-build, base: C:\Users\nal20\TwitchProject\project, plugins: List(<none>))) took 9.23ms
[debug] [Loading] Done in C:\Users\nal20\TwitchProject\project, returning: (twitchproject-build)
[debug]           Load.loadUnit: loadedProjectsRaw took 147.2016ms
[debug]           Load.loadUnit: cleanEvalClasses took 9.146ms
[debug]         Load.loadUnit(file:/C:/Users/nal20/TwitchProject/project/, ...) took 188.8038ms
[debug]       Load.apply: load took 190.6614ms
[debug]       Load.apply: resolveProjects took 0.1646ms
[debug]       Load.apply: finalTransforms took 10.4368ms
[debug]       Load.apply: config.delegates took 0.4777ms
[debug]       Load.apply: Def.make(settings)... took 81.0317ms
[debug]       Load.apply: structureIndex took 34.9412ms
[debug]       Load.apply: mkStreams took 0.0052ms
[info] loading project definition from C:\Users\nal20\TwitchProject\project
[debug] Running task... Cancel: Signal, check cycles: false, forcegc: true
[debug]     Load.loadUnit: plugins took 728.181ms
[debug]     Load.loadUnit: defsScala took 0.0031ms
[debug] [Loading] Scanning directory C:\Users\nal20\TwitchProject
[debug]       Load.loadUnit: mkEval took 0.3858ms
[debug] [Loading] Found non-root projects 
[debug] [Loading] Done in C:\Users\nal20\TwitchProject, returning: ()
[debug] deducing auto plugins based on known facts Set(Atom(sbt.plugins.CorePlugin)) and clauses Clauses(List(Clause(Atom(sbt.plugins.JvmPlugin),Set(Atom(sbt.plugins.IvyPlugin))), Clause(Atom(sbt.ScriptedPlugin),Set(Atom(sbt.plugins.JvmPlugin))), Clause(Atom(sbt.plugins.SbtPlugin),Set(Atom(sbt.ScriptedPlugin))), Clause(Atom(sbt.plugins.SemanticdbPlugin),Set(Atom(sbt.plugins.JvmPlugin))), Clause(Atom(sbt.plugins.JUnitXmlReportPlugin),Set(Atom(sbt.plugins.JvmPlugin))), Clause(Atom(sbt.plugins.MiniDependencyTreePlugin),Set(Atom(sbt.plugins.JvmPlugin))), Clause(Atom(org.jetbrains.sbt.StructurePlugin),Set(Atom(sbt.plugins.JvmPlugin))), Clause(Atom(org.jetbrains.sbt.IdeaShellPlugin),Set(Atom(sbt.plugins.JvmPlugin))), Clause(Atom(org.jetbrains.sbt.indices.SbtIntellijIndicesPlugin),Set(Atom(sbt.plugins.JvmPlugin))), Clause(Atom(sbt.plugins.CorePlugin),Set(Atom(sbt.plugins.IvyPlugin))), Clause(Atom(sbt.plugins.IvyPlugin),Set(Atom(sbt.plugins.JvmPlugin))), Clause(Atom(sbt.plugins.JvmPlugin),Set(Atom(sbt.plugins.SemanticdbPlugin))), Clause(Atom(sbt.plugins.JvmPlugin),Set(Atom(sbt.plugins.JUnitXmlReportPlugin))), Clause(Atom(sbt.plugins.CorePlugin),Set(Atom(sbt.plugins.Giter8TemplatePlugin))), Clause(Atom(sbt.plugins.JvmPlugin),Set(Atom(sbt.plugins.MiniDependencyTreePlugin))), Clause(Atom(sbt.plugins.JvmPlugin),Set(Atom(org.jetbrains.sbt.StructurePlugin))), Clause(Atom(sbt.plugins.JvmPlugin),Set(Atom(org.jetbrains.sbt.IdeaShellPlugin))), Clause(And(Set(Atom(sbt.plugins.CorePlugin), Atom(sbt.plugins.JvmPlugin))),Set(Atom(org.jetbrains.sbt.indices.SbtIntellijIndicesPlugin)))))
[debug]   :: deduced result: Matched(sbt.plugins.CorePlugin,sbt.plugins.Giter8TemplatePlugin,sbt.plugins.IvyPlugin,sbt.plugins.JvmPlugin,sbt.plugins.SemanticdbPlugin,org.jetbrains.sbt.indices.SbtIntellijIndicesPlugin,sbt.plugins.JUnitXmlReportPlugin,org.jetbrains.sbt.IdeaShellPlugin,org.jetbrains.sbt.StructurePlugin,sbt.plugins.MiniDependencyTreePlugin)
[debug] Plugins.deducer#function took 1.482 ms
[info] loading settings for project twitchproject from build.sbt ...
[debug]         Load.resolveProject(twitchproject) took 23.1084ms
[debug]       Load.loadTransitive: finalizeProject(Project(id twitchproject, base: C:\Users\nal20\TwitchProject, plugins: List(<none>))) took 25.53ms
[debug] [Loading] Done in C:\Users\nal20\TwitchProject, returning: (twitchproject)
[debug]     Load.loadUnit: loadedProjectsRaw took 2180.742ms
[debug]     Load.loadUnit: cleanEvalClasses took 24.0505ms
[debug]   Load.loadUnit(file:/C:/Users/nal20/TwitchProject/, ...) took 2933.9741ms
[debug] Load.apply: load took 2936.6231ms
[debug] Load.apply: resolveProjects took 0.2518ms
[debug] Load.apply: finalTransforms took 22.5076ms
[debug] Load.apply: config.delegates took 0.5141ms
[debug] Load.apply: Def.make(settings)... took 79.7865ms
[debug] Load.apply: structureIndex took 37.841ms
[debug] Load.apply: mkStreams took 0.0117ms
[info] set current project to TwitchProject (in build file:/C:/Users/nal20/TwitchProject/)
[debug] > Exec(sbtPopOnFailure, None, None)
[debug] > Exec(resumeFromFailure, None, None)
[debug] > Exec(notifyUsersAboutShell, None, None)
[debug] > Exec(iflast shell, None, None)
[debug] > Exec(; set ideaPort in Global := 50614 ; idea-shell, None, None)
[debug] > Exec(set ideaPort in Global := 50614, None, None)
[info] Defining Global / ideaPort
[info] The new value will be used by Compile / compile, Test / compile
[debug] Defining 
[debug] 	Global / ideaPort
[debug] 
[debug] The new value will be used by 
[debug] 	Compile / compile
[debug] 	Test / compile
[info] Reapplying settings...
[info] set current project to TwitchProject (in build file:/C:/Users/nal20/TwitchProject/)
[debug] > Exec(idea-shell, None, None)
